2026-06-05 10:59:41,685 - INFO - Loading TensorFlow Keras model...
2026-06-05 10:59:43,023 - WARNING - Compiled the loaded model, but the compiled metrics have yet to be built. `model.compile_metrics` will be empty until you train or evaluate the model.
2026-06-05 10:59:43,026 - INFO - Model loaded successfully!
2026-06-06 14:44:58,573 - INFO - Loading TFLite model...
2026-06-06 14:44:58,614 - INFO - Model loaded successfully!
2026-06-06 14:46:12,565 - INFO - Loading TFLite model...
2026-06-06 14:46:12,599 - INFO - Model loaded successfully!
2026-06-06 14:47:56,997 - INFO - 1 change detected
2026-06-06 14:48:01,239 - INFO - 1 change detected
2026-06-06 14:48:34,543 - INFO - 21 changes detected
2026-06-06 14:48:34,900 - INFO - 2 changes detected
2026-06-06 14:48:36,592 - INFO - 11 changes detected
2026-06-06 14:48:38,918 - INFO - 26 changes detected
2026-06-06 14:50:12,990 - INFO - 4 changes detected
2026-06-06 14:52:09,032 - INFO - 2 changes detected
2026-06-06 15:05:33,849 - INFO - 1 change detected
2026-06-06 15:05:47,023 - INFO - 2 changes detected
2026-06-06 15:05:55,801 - INFO - 29 changes detected
2026-06-06 15:06:34,046 - INFO - 7 changes detected
2026-06-06 15:06:38,279 - INFO - 25 changes detected
2026-06-06 15:07:05,018 - INFO - 4 changes detected
2026-06-06 15:08:57,907 - INFO - 1 change detected
2026-06-06 15:09:00,944 - INFO - 1 change detected
2026-06-06 15:09:05,358 - INFO - 1 change detected
2026-06-06 15:09:05,871 - INFO - 1 change detected
2026-06-06 15:09:08,524 - INFO - Loading TFLite model...
2026-06-06 15:09:08,563 - INFO - Model loaded successfully!
2026-06-06 15:09:14,425 - INFO - 2 changes detected
2026-06-06 15:09:19,054 - INFO - 33 changes detected
2026-06-06 15:09:30,324 - INFO - 7 changes detected
2026-06-06 15:09:34,213 - INFO - 25 changes detected
2026-06-06 15:09:56,611 - INFO - 4 changes detected
2026-06-06 15:13:27,313 - INFO - 1 change detected
2026-06-06 15:13:27,824 - INFO - 1 change detected
2026-06-06 15:13:30,522 - INFO - Loading TFLite model...
2026-06-06 15:13:30,561 - INFO - Model loaded successfully!
2026-06-06 15:13:30,791 - INFO - 1 change detected
2026-06-06 15:13:31,363 - INFO - 1 change detected
2026-06-06 15:13:33,669 - INFO - Loading TFLite model...
2026-06-06 15:13:33,709 - INFO - Model loaded successfully!
2026-06-06 15:13:47,656 - INFO - 29 changes detected
